[0104/204603.828:ERROR:process_info.cc(359)] UncheckedAllocate
[0104/204620.662:ERROR:process_info.cc(359)] UncheckedAllocate
[0104/204631.482:ERROR:process_info.cc(359)] UncheckedAllocate
[0104/204736.777:ERROR:process_info.cc(359)] UncheckedAllocate
[0104/204846.147:ERROR:process_info.cc(359)] UncheckedAllocate
[0104/204846.218:ERROR:process_info.cc(359)] UncheckedAllocate
[0104/204921.895:ERROR:process_info.cc(359)] UncheckedAllocate
[0106/215300.951:ERROR:process_info.cc(359)] UncheckedAllocate
[0108/221520.704:ERROR:process_info.cc(359)] UncheckedAllocate
[0108/221521.480:ERROR:process_info.cc(359)] UncheckedAllocate
[0108/222126.591:ERROR:process_info.cc(359)] UncheckedAllocate
[0108/222146.474:ERROR:process_info.cc(359)] UncheckedAllocate
[0108/222620.768:ERROR:scoped_process_suspend.cc(31)] NtSuspendProcess: An attempt was made to access an exiting process. (0xc000010a)
[0108/222620.768:ERROR:process_info.cc(118)] ReadProcessMemory bool __cdecl crashpad::(anonymous namespace)::ReadStruct(HANDLE, crashpad::WinVMAddress, T *) [T = crashpad::process_types::PEB<crashpad::process_types::internal::Traits32>]: Only part of a ReadProcessMemory or WriteProcessMemory request was completed. (0x12B)
[0108/222620.768:ERROR:process_info.cc(551)] ReadProcessData failed
[0108/222623.392:ERROR:process_memory_win.cc(73)] ReadMemory at 0xb6e000 of 73728 bytes failed: Only part of a ReadProcessMemory or WriteProcessMemory request was completed. (0x12B)
[0108/222623.392:ERROR:process_memory_win.cc(73)] ReadMemory at 0x516e000 of 8192 bytes failed: Only part of a ReadProcessMemory or WriteProcessMemory request was completed. (0x12B)
[0108/222623.392:ERROR:process_memory_win.cc(73)] ReadMemory at 0x536e000 of 8192 bytes failed: Only part of a ReadProcessMemory or WriteProcessMemory request was completed. (0x12B)
[0108/222623.392:ERROR:process_memory_win.cc(73)] ReadMemory at 0x546d000 of 12288 bytes failed: Only part of a ReadProcessMemory or WriteProcessMemory request was completed. (0x12B)
[0108/222623.392:ERROR:process_memory_win.cc(73)] ReadMemory at 0x55ef000 of 4096 bytes failed: Only part of a ReadProcessMemory or WriteProcessMemory request was completed. (0x12B)
[0108/222623.396:ERROR:process_memory_win.cc(73)] ReadMemory at 0x56ee000 of 8192 bytes failed: Only part of a ReadProcessMemory or WriteProcessMemory request was completed. (0x12B)
[0108/222623.396:ERROR:process_memory_win.cc(73)] ReadMemory at 0x61fd000 of 12288 bytes failed: Only part of a ReadProcessMemory or WriteProcessMemory request was completed. (0x12B)
[0108/222623.396:ERROR:process_memory_win.cc(73)] ReadMemory at 0x62fc000 of 16384 bytes failed: Only part of a ReadProcessMemory or WriteProcessMemory request was completed. (0x12B)
[0108/222623.396:ERROR:process_memory_win.cc(73)] ReadMemory at 0x6cfa000 of 24576 bytes failed: Only part of a ReadProcessMemory or WriteProcessMemory request was completed. (0x12B)
[0108/222623.396:ERROR:process_memory_win.cc(73)] ReadMemory at 0x6dfa000 of 24576 bytes failed: Only part of a ReadProcessMemory or WriteProcessMemory request was completed. (0x12B)
[0108/222623.396:ERROR:process_memory_win.cc(73)] ReadMemory at 0x6efe000 of 8192 bytes failed: Only part of a ReadProcessMemory or WriteProcessMemory request was completed. (0x12B)
[0108/222623.396:ERROR:process_memory_win.cc(73)] ReadMemory at 0x821000 of 560 bytes failed: Only part of a ReadProcessMemory or WriteProcessMemory request was completed. (0x12B)
[0108/222623.396:ERROR:process_memory_win.cc(73)] ReadMemory at 0x822000 of 3992 bytes failed: Only part of a ReadProcessMemory or WriteProcessMemory request was completed. (0x12B)
[0108/222623.396:ERROR:process_memory_win.cc(73)] ReadMemory at 0x823000 of 3992 bytes failed: Only part of a ReadProcessMemory or WriteProcessMemory request was completed. (0x12B)
[0108/222623.396:ERROR:process_memory_win.cc(73)] ReadMemory at 0x825000 of 3992 bytes failed: Only part of a ReadProcessMemory or WriteProcessMemory request was completed. (0x12B)
[0108/222623.396:ERROR:process_memory_win.cc(73)] ReadMemory at 0x826000 of 3992 bytes failed: Only part of a ReadProcessMemory or WriteProcessMemory request was completed. (0x12B)
[0108/222623.400:ERROR:process_memory_win.cc(73)] ReadMemory at 0x827000 of 3992 bytes failed: Only part of a ReadProcessMemory or WriteProcessMemory request was completed. (0x12B)
[0108/222623.436:ERROR:process_memory_win.cc(73)] ReadMemory at 0x828000 of 3992 bytes failed: Only part of a ReadProcessMemory or WriteProcessMemory request was completed. (0x12B)
[0108/222623.436:ERROR:process_memory_win.cc(73)] ReadMemory at 0x829000 of 3992 bytes failed: Only part of a ReadProcessMemory or WriteProcessMemory request was completed. (0x12B)
[0108/222623.468:ERROR:process_memory_win.cc(73)] ReadMemory at 0x82a000 of 3992 bytes failed: Only part of a ReadProcessMemory or WriteProcessMemory request was completed. (0x12B)
[0108/222623.468:ERROR:process_memory_win.cc(73)] ReadMemory at 0x82c000 of 3992 bytes failed: Only part of a ReadProcessMemory or WriteProcessMemory request was completed. (0x12B)
[0108/222623.468:ERROR:process_memory_win.cc(73)] ReadMemory at 0x82d000 of 3992 bytes failed: Only part of a ReadProcessMemory or WriteProcessMemory request was completed. (0x12B)
[0108/222623.476:ERROR:process_memory_win.cc(73)] ReadMemory at 0x82e000 of 3992 bytes failed: Only part of a ReadProcessMemory or WriteProcessMemory request was completed. (0x12B)
[0108/222623.476:ERROR:process_memory_win.cc(73)] ReadMemory at 0x833000 of 3992 bytes failed: Only part of a ReadProcessMemory or WriteProcessMemory request was completed. (0x12B)
[0108/222623.476:ERROR:process_memory_win.cc(73)] ReadMemory at 0x835000 of 3992 bytes failed: Only part of a ReadProcessMemory or WriteProcessMemory request was completed. (0x12B)
[0108/222623.476:ERROR:process_memory_win.cc(73)] ReadMemory at 0x837000 of 3992 bytes failed: Only part of a ReadProcessMemory or WriteProcessMemory request was completed. (0x12B)
[0108/222623.476:ERROR:process_memory_win.cc(73)] ReadMemory at 0x839000 of 3992 bytes failed: Only part of a ReadProcessMemory or WriteProcessMemory request was completed. (0x12B)
[0108/222623.476:ERROR:process_memory_win.cc(73)] ReadMemory at 0x83d000 of 3992 bytes failed: Only part of a ReadProcessMemory or WriteProcessMemory request was completed. (0x12B)
[0108/222623.476:ERROR:process_memory_win.cc(73)] ReadMemory at 0x83e000 of 3992 bytes failed: Only part of a ReadProcessMemory or WriteProcessMemory request was completed. (0x12B)
[0108/222623.476:ERROR:process_memory_win.cc(73)] ReadMemory at 0xc304b0 of 72 bytes failed: Only part of a ReadProcessMemory or WriteProcessMemory request was completed. (0x12B)
[0108/222623.476:ERROR:process_memory_win.cc(73)] ReadMemory at 0xc30568 of 60 bytes failed: Only part of a ReadProcessMemory or WriteProcessMemory request was completed. (0x12B)
[0108/222623.476:ERROR:process_memory_win.cc(73)] ReadMemory at 0xc30af0 of 4246 bytes failed: Only part of a ReadProcessMemory or WriteProcessMemory request was completed. (0x12B)
[0108/222623.476:ERROR:process_memory_win.cc(73)] ReadMemory at 0xc31b90 of 660 bytes failed: Only part of a ReadProcessMemory or WriteProcessMemory request was completed. (0x12B)
[0108/222623.480:ERROR:process_memory_win.cc(73)] ReadMemory at 0xc32044 of 106 bytes failed: Only part of a ReadProcessMemory or WriteProcessMemory request was completed. (0x12B)
[0108/222623.480:ERROR:process_memory_win.cc(73)] ReadMemory at 0xc320b0 of 884 bytes failed: Only part of a ReadProcessMemory or WriteProcessMemory request was completed. (0x12B)
[0108/222623.480:ERROR:process_memory_win.cc(73)] ReadMemory at 0xc32426 of 106 bytes failed: Only part of a ReadProcessMemory or WriteProcessMemory request was completed. (0x12B)
[0108/222623.480:ERROR:process_memory_win.cc(73)] ReadMemory at 0xc32492 of 98 bytes failed: Only part of a ReadProcessMemory or WriteProcessMemory request was completed. (0x12B)
[0108/222623.480:ERROR:process_memory_win.cc(73)] ReadMemory at 0xc32500 of 58 bytes failed: Only part of a ReadProcessMemory or WriteProcessMemory request was completed. (0x12B)
[0108/222623.480:ERROR:process_memory_win.cc(73)] ReadMemory at 0xc325f0 of 72 bytes failed: Only part of a ReadProcessMemory or WriteProcessMemory request was completed. (0x12B)
[0108/222623.480:ERROR:process_memory_win.cc(73)] ReadMemory at 0xc326d8 of 72 bytes failed: Only part of a ReadProcessMemory or WriteProcessMemory request was completed. (0x12B)
[0108/222623.480:ERROR:process_memory_win.cc(73)] ReadMemory at 0xc327d8 of 112 bytes failed: Only part of a ReadProcessMemory or WriteProcessMemory request was completed. (0x12B)
[0108/222623.480:ERROR:process_memory_win.cc(73)] ReadMemory at 0xc32b08 of 72 bytes failed: Only part of a ReadProcessMemory or WriteProcessMemory request was completed. (0x12B)
[0108/222623.480:ERROR:process_memory_win.cc(73)] ReadMemory at 0xc32bf0 of 64 bytes failed: Only part of a ReadProcessMemory or WriteProcessMemory request was completed. (0x12B)
[0108/222623.480:ERROR:process_memory_win.cc(73)] ReadMemory at 0xc32cd0 of 72 bytes failed: Only part of a ReadProcessMemory or WriteProcessMemory request was completed. (0x12B)
[0108/222623.480:ERROR:process_memory_win.cc(73)] ReadMemory at 0xc32e68 of 72 bytes failed: Only part of a ReadProcessMemory or WriteProcessMemory request was completed. (0x12B)
[0108/222623.480:ERROR:process_memory_win.cc(73)] ReadMemory at 0xc32f50 of 68 bytes failed: Only part of a ReadProcessMemory or WriteProcessMemory request was completed. (0x12B)
[0108/222623.480:ERROR:process_memory_win.cc(73)] ReadMemory at 0xc33910 of 72 bytes failed: Only part of a ReadProcessMemory or WriteProcessMemory request was completed. (0x12B)
[0108/222623.480:ERROR:process_memory_win.cc(73)] ReadMemory at 0xc339c0 of 64 bytes failed: Only part of a ReadProcessMemory or WriteProcessMemory request was completed. (0x12B)
[0108/222623.480:ERROR:process_memory_win.cc(73)] ReadMemory at 0xc33a18 of 72 bytes failed: Only part of a ReadProcessMemory or WriteProcessMemory request was completed. (0x12B)
[0108/222623.480:ERROR:process_memory_win.cc(73)] ReadMemory at 0xc33ac8 of 140 bytes failed: Only part of a ReadProcessMemory or WriteProcessMemory request was completed. (0x12B)
[0108/222623.480:ERROR:process_memory_win.cc(73)] ReadMemory at 0xc34640 of 62 bytes failed: Only part of a ReadProcessMemory or WriteProcessMemory request was completed. (0x12B)
[0108/222623.480:ERROR:process_memory_win.cc(73)] ReadMemory at 0xc34718 of 72 bytes failed: Only part of a ReadProcessMemory or WriteProcessMemory request was completed. (0x12B)
[0108/222623.480:ERROR:process_memory_win.cc(73)] ReadMemory at 0xc347c8 of 60 bytes failed: Only part of a ReadProcessMemory or WriteProcessMemory request was completed. (0x12B)
[0108/222623.480:ERROR:process_memory_win.cc(73)] ReadMemory at 0xc34810 of 62 bytes failed: Only part of a ReadProcessMemory or WriteProcessMemory request was completed. (0x12B)
[0108/222623.480:ERROR:process_memory_win.cc(73)] ReadMemory at 0xc348a8 of 72 bytes failed: Only part of a ReadProcessMemory or WriteProcessMemory request was completed. (0x12B)
[0108/222623.480:ERROR:process_memory_win.cc(73)] ReadMemory at 0xc36000 of 72 bytes failed: Only part of a ReadProcessMemory or WriteProcessMemory request was completed. (0x12B)
[0108/222623.480:ERROR:process_memory_win.cc(73)] ReadMemory at 0xc360e8 of 80 bytes failed: Only part of a ReadProcessMemory or WriteProcessMemory request was completed. (0x12B)
[0108/222623.480:ERROR:process_memory_win.cc(73)] ReadMemory at 0xc396e0 of 72 bytes failed: Only part of a ReadProcessMemory or WriteProcessMemory request was completed. (0x12B)
[0108/222623.480:ERROR:process_memory_win.cc(73)] ReadMemory at 0xc39790 of 72 bytes failed: Only part of a ReadProcessMemory or WriteProcessMemory request was completed. (0x12B)
[0108/222623.480:ERROR:process_memory_win.cc(73)] ReadMemory at 0xc39840 of 72 bytes failed: Only part of a ReadProcessMemory or WriteProcessMemory request was completed. (0x12B)
[0108/222623.480:ERROR:process_memory_win.cc(73)] ReadMemory at 0xc398f0 of 72 bytes failed: Only part of a ReadProcessMemory or WriteProcessMemory request was completed. (0x12B)
[0108/222623.480:ERROR:process_memory_win.cc(73)] ReadMemory at 0xc399a0 of 72 bytes failed: Only part of a ReadProcessMemory or WriteProcessMemory request was completed. (0x12B)
[0108/222623.484:ERROR:process_memory_win.cc(73)] ReadMemory at 0xc39a50 of 72 bytes failed: Only part of a ReadProcessMemory or WriteProcessMemory request was completed. (0x12B)
[0108/222623.484:ERROR:process_memory_win.cc(73)] ReadMemory at 0xc39c60 of 72 bytes failed: Only part of a ReadProcessMemory or WriteProcessMemory request was completed. (0x12B)
[0108/222623.484:ERROR:process_memory_win.cc(73)] ReadMemory at 0xc39d10 of 72 bytes failed: Only part of a ReadProcessMemory or WriteProcessMemory request was completed. (0x12B)
[0108/222623.484:ERROR:process_memory_win.cc(73)] ReadMemory at 0xc39dc0 of 72 bytes failed: Only part of a ReadProcessMemory or WriteProcessMemory request was completed. (0x12B)
[0108/222623.484:ERROR:process_memory_win.cc(73)] ReadMemory at 0xc39e70 of 72 bytes failed: Only part of a ReadProcessMemory or WriteProcessMemory request was completed. (0x12B)
[0108/222623.484:ERROR:process_memory_win.cc(73)] ReadMemory at 0xc39f20 of 72 bytes failed: Only part of a ReadProcessMemory or WriteProcessMemory request was completed. (0x12B)
[0108/222623.484:ERROR:process_memory_win.cc(73)] ReadMemory at 0xc39fd0 of 72 bytes failed: Only part of a ReadProcessMemory or WriteProcessMemory request was completed. (0x12B)
[0108/222623.484:ERROR:process_memory_win.cc(73)] ReadMemory at 0xc3a080 of 72 bytes failed: Only part of a ReadProcessMemory or WriteProcessMemory request was completed. (0x12B)
[0108/222623.484:ERROR:process_memory_win.cc(73)] ReadMemory at 0xc3a130 of 72 bytes failed: Only part of a ReadProcessMemory or WriteProcessMemory request was completed. (0x12B)
[0108/222623.484:ERROR:process_memory_win.cc(73)] ReadMemory at 0xc3a1e0 of 72 bytes failed: Only part of a ReadProcessMemory or WriteProcessMemory request was completed. (0x12B)
[0108/222623.484:ERROR:process_memory_win.cc(73)] ReadMemory at 0xc3a290 of 72 bytes failed: Only part of a ReadProcessMemory or WriteProcessMemory request was completed. (0x12B)
[0108/222623.484:ERROR:process_memory_win.cc(73)] ReadMemory at 0xc3a340 of 72 bytes failed: Only part of a ReadProcessMemory or WriteProcessMemory request was completed. (0x12B)
[0108/222623.484:ERROR:process_memory_win.cc(73)] ReadMemory at 0xc3a3f0 of 72 bytes failed: Only part of a ReadProcessMemory or WriteProcessMemory request was completed. (0x12B)
[0108/222623.484:ERROR:process_memory_win.cc(73)] ReadMemory at 0xc3a550 of 72 bytes failed: Only part of a ReadProcessMemory or WriteProcessMemory request was completed. (0x12B)
[0108/222623.484:ERROR:process_memory_win.cc(73)] ReadMemory at 0xc3a600 of 72 bytes failed: Only part of a ReadProcessMemory or WriteProcessMemory request was completed. (0x12B)
[0108/222623.484:ERROR:process_memory_win.cc(73)] ReadMemory at 0xc3ae90 of 54 bytes failed: Only part of a ReadProcessMemory or WriteProcessMemory request was completed. (0x12B)
[0108/222623.484:ERROR:process_memory_win.cc(73)] ReadMemory at 0xc3aed0 of 64 bytes failed: Only part of a ReadProcessMemory or WriteProcessMemory request was completed. (0x12B)
[0108/222623.484:ERROR:process_memory_win.cc(73)] ReadMemory at 0xc3b178 of 76 bytes failed: Only part of a ReadProcessMemory or WriteProcessMemory request was completed. (0x12B)
[0108/222623.484:ERROR:process_memory_win.cc(73)] ReadMemory at 0xc3b220 of 64 bytes failed: Only part of a ReadProcessMemory or WriteProcessMemory request was completed. (0x12B)
[0108/222623.484:ERROR:process_memory_win.cc(73)] ReadMemory at 0xc3b478 of 64 bytes failed: Only part of a ReadProcessMemory or WriteProcessMemory request was completed. (0x12B)
[0108/222623.484:ERROR:process_memory_win.cc(73)] ReadMemory at 0xc3cf90 of 72 bytes failed: Only part of a ReadProcessMemory or WriteProcessMemory request was completed. (0x12B)
[0108/222623.484:ERROR:process_memory_win.cc(73)] ReadMemory at 0xc3d040 of 66 bytes failed: Only part of a ReadProcessMemory or WriteProcessMemory request was completed. (0x12B)
[0108/222623.484:ERROR:process_memory_win.cc(73)] ReadMemory at 0xc3e9d0 of 144 bytes failed: Only part of a ReadProcessMemory or WriteProcessMemory request was completed. (0x12B)
[0108/222623.484:ERROR:process_memory_win.cc(73)] ReadMemory at 0xc3eba8 of 72 bytes failed: Only part of a ReadProcessMemory or WriteProcessMemory request was completed. (0x12B)
[0108/222623.484:ERROR:process_memory_win.cc(73)] ReadMemory at 0xc3ec58 of 64 bytes failed: Only part of a ReadProcessMemory or WriteProcessMemory request was completed. (0x12B)
[0108/222623.484:ERROR:process_memory_win.cc(73)] ReadMemory at 0xc40c28 of 60 bytes failed: Only part of a ReadProcessMemory or WriteProcessMemory request was completed. (0x12B)
[0108/222623.484:ERROR:process_memory_win.cc(73)] ReadMemory at 0xc40cb8 of 60 bytes failed: Only part of a ReadProcessMemory or WriteProcessMemory request was completed. (0x12B)
[0108/222623.484:ERROR:process_memory_win.cc(73)] ReadMemory at 0xc40d00 of 62 bytes failed: Only part of a ReadProcessMemory or WriteProcessMemory request was completed. (0x12B)
[0108/222623.484:ERROR:process_memory_win.cc(73)] ReadMemory at 0xc40e20 of 60 bytes failed: Only part of a ReadProcessMemory or WriteProcessMemory request was completed. (0x12B)
[0108/222623.484:ERROR:process_memory_win.cc(73)] ReadMemory at 0xc40eb0 of 62 bytes failed: Only part of a ReadProcessMemory or WriteProcessMemory request was completed. (0x12B)
[0108/222623.484:ERROR:process_memory_win.cc(73)] ReadMemory at 0xc40ef8 of 60 bytes failed: Only part of a ReadProcessMemory or WriteProcessMemory request was completed. (0x12B)
[0108/222623.484:ERROR:process_memory_win.cc(73)] ReadMemory at 0xc40f40 of 62 bytes failed: Only part of a ReadProcessMemory or WriteProcessMemory request was completed. (0x12B)
[0108/222623.484:ERROR:process_memory_win.cc(73)] ReadMemory at 0xc40f88 of 62 bytes failed: Only part of a ReadProcessMemory or WriteProcessMemory request was completed. (0x12B)
[0108/222623.484:ERROR:process_memory_win.cc(73)] ReadMemory at 0xc41018 of 62 bytes failed: Only part of a ReadProcessMemory or WriteProcessMemory request was completed. (0x12B)
[0108/222623.484:ERROR:process_memory_win.cc(73)] ReadMemory at 0xc410a8 of 60 bytes failed: Only part of a ReadProcessMemory or WriteProcessMemory request was completed. (0x12B)
[0108/222623.484:ERROR:process_memory_win.cc(73)] ReadMemory at 0xc410f0 of 62 bytes failed: Only part of a ReadProcessMemory or WriteProcessMemory request was completed. (0x12B)
[0108/222623.484:ERROR:process_memory_win.cc(73)] ReadMemory at 0xc41138 of 62 bytes failed: Only part of a ReadProcessMemory or WriteProcessMemory request was completed. (0x12B)
[0108/222623.484:ERROR:process_memory_win.cc(73)] ReadMemory at 0xc41180 of 58 bytes failed: Only part of a ReadProcessMemory or WriteProcessMemory request was completed. (0x12B)
[0108/222623.484:ERROR:process_memory_win.cc(73)] ReadMemory at 0xc411c8 of 62 bytes failed: Only part of a ReadProcessMemory or WriteProcessMemory request was completed. (0x12B)
[0108/222623.484:ERROR:process_memory_win.cc(73)] ReadMemory at 0xc41258 of 62 bytes failed: Only part of a ReadProcessMemory or WriteProcessMemory request was completed. (0x12B)
[0108/222623.484:ERROR:process_memory_win.cc(73)] ReadMemory at 0xc41468 of 72 bytes failed: Only part of a ReadProcessMemory or WriteProcessMemory request was completed. (0x12B)
[0108/222623.484:ERROR:process_memory_win.cc(73)] ReadMemory at 0xc41640 of 72 bytes failed: Only part of a ReadProcessMemory or WriteProcessMemory request was completed. (0x12B)
[0108/222623.484:ERROR:process_memory_win.cc(73)] ReadMemory at 0xc416f0 of 64 bytes failed: Only part of a ReadProcessMemory or WriteProcessMemory request was completed. (0x12B)
[0108/222623.484:ERROR:process_memory_win.cc(73)] ReadMemory at 0xc41840 of 72 bytes failed: Only part of a ReadProcessMemory or WriteProcessMemory request was completed. (0x12B)
[0108/222623.484:ERROR:process_memory_win.cc(73)] ReadMemory at 0xc41980 of 72 bytes failed: Only part of a ReadProcessMemory or WriteProcessMemory request was completed. (0x12B)
[0108/222623.484:ERROR:process_memory_win.cc(73)] ReadMemory at 0xc41c60 of 64 bytes failed: Only part of a ReadProcessMemory or WriteProcessMemory request was completed. (0x12B)
[0108/222623.484:ERROR:process_memory_win.cc(73)] ReadMemory at 0xc43630 of 66 bytes failed: Only part of a ReadProcessMemory or WriteProcessMemory request was completed. (0x12B)
[0108/222623.484:ERROR:process_memory_win.cc(73)] ReadMemory at 0xc437b8 of 64 bytes failed: Only part of a ReadProcessMemory or WriteProcessMemory request was completed. (0x12B)
[0108/222623.484:ERROR:process_memory_win.cc(73)] ReadMemory at 0xc459b0 of 72 bytes failed: Only part of a ReadProcessMemory or WriteProcessMemory request was completed. (0x12B)
[0108/222623.484:ERROR:process_memory_win.cc(73)] ReadMemory at 0xc537c8 of 512 bytes failed: Only part of a ReadProcessMemory or WriteProcessMemory request was completed. (0x12B)
[0108/222623.484:ERROR:process_memory_win.cc(73)] ReadMemory at 0xc543c8 of 512 bytes failed: Only part of a ReadProcessMemory or WriteProcessMemory request was completed. (0x12B)
[0108/222623.484:ERROR:process_memory_win.cc(73)] ReadMemory at 0x10dd538 of 512 bytes failed: Only part of a ReadProcessMemory or WriteProcessMemory request was completed. (0x12B)
[0108/222623.484:ERROR:process_memory_win.cc(73)] ReadMemory at 0x1108ca8 of 612 bytes failed: Only part of a ReadProcessMemory or WriteProcessMemory request was completed. (0x12B)
[0108/222623.484:ERROR:process_memory_win.cc(73)] ReadMemory at 0x901d938 of 512 bytes failed: Only part of a ReadProcessMemory or WriteProcessMemory request was completed. (0x12B)
[0108/222623.484:ERROR:process_memory_win.cc(73)] ReadMemory at 0x10d07a40 of 512 bytes failed: Only part of a ReadProcessMemory or WriteProcessMemory request was completed. (0x12B)
[0108/222623.484:ERROR:process_memory_win.cc(73)] ReadMemory at 0x36da3200 of 512 bytes failed: Only part of a ReadProcessMemory or WriteProcessMemory request was completed. (0x12B)
[0108/222623.484:ERROR:process_memory_win.cc(73)] ReadMemory at 0x585c63a0 of 512 bytes failed: Only part of a ReadProcessMemory or WriteProcessMemory request was completed. (0x12B)
[0108/222623.484:ERROR:process_memory_win.cc(73)] ReadMemory at 0x74672d42 of 512 bytes failed: Only part of a ReadProcessMemory or WriteProcessMemory request was completed. (0x12B)
[0108/222623.484:ERROR:process_memory_win.cc(73)] ReadMemory at 0x770f77b8 of 18 bytes failed: Only part of a ReadProcessMemory or WriteProcessMemory request was completed. (0x12B)
[0108/222623.484:ERROR:process_memory_win.cc(73)] ReadMemory at 0x77181210 of 576 bytes failed: Only part of a ReadProcessMemory or WriteProcessMemory request was completed. (0x12B)
[0108/222623.484:ERROR:process_memory_win.cc(73)] ReadMemory at 0x7720a3a0 of 24 bytes failed: Only part of a ReadProcessMemory or WriteProcessMemory request was completed. (0x12B)
[0108/222623.484:ERROR:process_memory_win.cc(73)] ReadMemory at 0x7720a714 of 32 bytes failed: Only part of a ReadProcessMemory or WriteProcessMemory request was completed. (0x12B)
[0108/222623.484:ERROR:process_memory_win.cc(73)] ReadMemory at 0x7720cbc0 of 36 bytes failed: Only part of a ReadProcessMemory or WriteProcessMemory request was completed. (0x12B)
[0108/222623.500:ERROR:scoped_process_suspend.cc(40)] NtResumeProcess: An attempt was made to access an exiting process. (0xc000010a)
[0109/205058.398:ERROR:process_info.cc(359)] UncheckedAllocate
[0109/210756.723:ERROR:process_info.cc(359)] UncheckedAllocate
[0118/185524.437:ERROR:settings.cc(320)] Settings magic is not 1129342067
[0118/205217.939:ERROR:process_info.cc(359)] UncheckedAllocate
[0118/205927.380:ERROR:process_info.cc(359)] UncheckedAllocate
[0118/205952.497:ERROR:process_info.cc(359)] UncheckedAllocate
[0118/205957.542:ERROR:process_info.cc(359)] UncheckedAllocate
